<?xml version="1.0" encoding="UTF-8"?>
<testng-results ignored="0" total="1" passed="1" failed="0" skipped="0">
  <reporter-output>
  </reporter-output>
  <suite started-at="2025-08-04T11:36:56 IST" name="Default suite" finished-at="2025-08-04T11:37:20 IST" duration-ms="24818">
    <groups>
    </groups>
    <test started-at="2025-08-04T11:36:56 IST" name="Default test" finished-at="2025-08-04T11:37:20 IST" duration-ms="24818">
      <class name="testCases.AddToCartTest">
        <test-method is-config="true" signature="extednreport()[pri:0, instance:testCases.AddToCartTest@7a8c8dcf]" started-at="2025-08-04T11:36:55 IST" name="extednreport" finished-at="2025-08-04T11:36:56 IST" duration-ms="473" status="PASS">
          <reporter-output>
          </reporter-output>
        </test-method> <!-- extednreport -->
        <test-method is-config="true" signature="setup(java.lang.reflect.Method)[pri:0, instance:testCases.AddToCartTest@7a8c8dcf]" started-at="2025-08-04T11:36:56 IST" name="setup" finished-at="2025-08-04T11:37:02 IST" duration-ms="6728" status="PASS">
          <params>
            <param index="0">
              <value>
                <![CDATA[public void testCases.AddToCartTest.addtoCart() throws java.lang.InterruptedException]]>
              </value>
            </param>
          </params>
          <reporter-output>
          </reporter-output>
        </test-method> <!-- setup -->
        <test-method signature="addtoCart()[pri:0, instance:testCases.AddToCartTest@7a8c8dcf]" started-at="2025-08-04T11:37:02 IST" name="addtoCart" finished-at="2025-08-04T11:37:20 IST" duration-ms="18013" status="PASS">
          <reporter-output>
          </reporter-output>
        </test-method> <!-- addtoCart -->
        <test-method is-config="true" signature="closeBrowser()[pri:0, instance:testCases.AddToCartTest@7a8c8dcf]" started-at="2025-08-04T11:37:20 IST" name="closeBrowser" finished-at="2025-08-04T11:37:20 IST" duration-ms="1" status="PASS">
          <reporter-output>
          </reporter-output>
        </test-method> <!-- closeBrowser -->
        <test-method is-config="true" signature="tearDownReport()[pri:0, instance:testCases.AddToCartTest@7a8c8dcf]" started-at="2025-08-04T11:37:20 IST" name="tearDownReport" finished-at="2025-08-04T11:37:21 IST" duration-ms="550" status="PASS">
          <reporter-output>
          </reporter-output>
        </test-method> <!-- tearDownReport -->
      </class> <!-- testCases.AddToCartTest -->
    </test> <!-- Default test -->
  </suite> <!-- Default suite -->
</testng-results>
